<?xml version="1.0" encoding="UTF-8"?>
<testng-results ignored="0" total="1" passed="1" failed="0" skipped="0">
  <reporter-output>
  </reporter-output>
  <suite started-at="2022-09-01T12:32:45 IST" name="Suite" finished-at="2022-09-01T12:33:06 IST" duration-ms="21733">
    <groups>
    </groups>
    <test started-at="2022-09-01T12:32:45 IST" name="Test" finished-at="2022-09-01T12:33:06 IST" duration-ms="21733">
      <class name="Test.Execution">
        <test-method is-config="true" signature="launchBrowser()[pri:0, instance:Test.Execution@4b8ee4de]" started-at="2022-09-01T12:32:45 IST" name="launchBrowser" finished-at="2022-09-01T12:32:51 IST" duration-ms="6352" status="PASS">
          <reporter-output>
          </reporter-output>
        </test-method> <!-- launchBrowser -->
        <test-method signature="getReleaseDateandCountryName()[pri:0, instance:Test.Execution@4b8ee4de]" started-at="2022-09-01T12:32:51 IST" name="getReleaseDateandCountryName" finished-at="2022-09-01T12:33:06 IST" duration-ms="14950" status="PASS">
          <reporter-output>
          </reporter-output>
        </test-method> <!-- getReleaseDateandCountryName -->
        <test-method is-config="true" signature="closeTest()[pri:0, instance:Test.Execution@4b8ee4de]" started-at="2022-09-01T12:33:06 IST" name="closeTest" finished-at="2022-09-01T12:33:06 IST" duration-ms="379" status="PASS">
          <reporter-output>
          </reporter-output>
        </test-method> <!-- closeTest -->
      </class> <!-- Test.Execution -->
    </test> <!-- Test -->
  </suite> <!-- Suite -->
</testng-results>
